2025-11-13 22:00:22,817 INFO o.a.j.u.JMeterUtils: Setting Locale to en_EN
2025-11-13 22:00:22,834 INFO o.a.j.JMeter: Loading user properties from: C:\Tools\apache-jmeter-5.6.3\bin\user.properties
2025-11-13 22:00:22,834 INFO o.a.j.JMeter: Loading system properties from: C:\Tools\apache-jmeter-5.6.3\bin\system.properties
2025-11-13 22:00:22,834 INFO o.a.j.JMeter: Loading additional properties from: backend/tests/jmeter/props/local.properties
2025-11-13 22:00:22,842 INFO o.a.j.JMeter: Copyright (c) 1998-2024 The Apache Software Foundation
2025-11-13 22:00:22,842 INFO o.a.j.JMeter: Version 5.6.3
2025-11-13 22:00:22,842 INFO o.a.j.JMeter: java.version=24.0.2
2025-11-13 22:00:22,842 INFO o.a.j.JMeter: java.vm.name=Java HotSpot(TM) 64-Bit Server VM
2025-11-13 22:00:22,844 INFO o.a.j.JMeter: os.name=Windows 11
2025-11-13 22:00:22,844 INFO o.a.j.JMeter: os.arch=amd64
2025-11-13 22:00:22,844 INFO o.a.j.JMeter: os.version=10.0
2025-11-13 22:00:22,844 INFO o.a.j.JMeter: file.encoding=UTF-8
2025-11-13 22:00:22,844 INFO o.a.j.JMeter: java.awt.headless=true
2025-11-13 22:00:22,844 INFO o.a.j.JMeter: Max memory     =1073741824
2025-11-13 22:00:22,845 INFO o.a.j.JMeter: Available Processors =12
2025-11-13 22:00:22,855 INFO o.a.j.JMeter: Default Locale=English (EN)
2025-11-13 22:00:22,856 INFO o.a.j.JMeter: JMeter  Locale=English (EN)
2025-11-13 22:00:22,856 INFO o.a.j.JMeter: JMeterHome=C:\Tools\apache-jmeter-5.6.3
2025-11-13 22:00:22,856 INFO o.a.j.JMeter: user.dir  =C:\Users\Administrador\Desktop\matheus-rezende\teste-de-software\teste-software-univas
2025-11-13 22:00:22,856 INFO o.a.j.JMeter: PWD       =C:\Users\Administrador\Desktop\matheus-rezende\teste-de-software\teste-software-univas
2025-11-13 22:00:22,858 INFO o.a.j.JMeter: IP: 192.168.190.134 Name: UNI-LABF-7460 FullName: UNI-LABF-7460.fuvs.br
2025-11-13 22:00:22,867 INFO o.a.j.JMeter: Setting property 'jmeter.reportgenerator.outputdir' to:'C:\Users\Administrador\Desktop\matheus-rezende\teste-de-software\teste-software-univas\backend\tests\jmeter\reports\smoke'
2025-11-13 22:00:22,871 INFO o.a.j.s.FileServer: Default base='C:\Users\Administrador\Desktop\matheus-rezende\teste-de-software\teste-software-univas'
2025-11-13 22:00:22,871 INFO o.a.j.s.FileServer: Set new base='C:\Users\Administrador\Desktop\matheus-rezende\teste-de-software\teste-software-univas\backend\tests\jmeter\plans'
2025-11-13 22:00:23,189 INFO o.a.j.s.SaveService: Testplan (JMX) version: 2.2. Testlog (JTL) version: 2.2
2025-11-13 22:00:23,221 INFO o.a.j.s.SaveService: Using SaveService properties version 5.0
2025-11-13 22:00:23,223 INFO o.a.j.s.SaveService: Using SaveService properties file encoding UTF-8
2025-11-13 22:00:23,226 INFO o.a.j.s.SaveService: Loading file: backend\tests\jmeter\plans\smoke.jmx
2025-11-13 22:00:23,280 INFO o.a.j.p.h.s.HTTPSamplerBase: Parser for text/html is org.apache.jmeter.protocol.http.parser.LagartoBasedHtmlParser
2025-11-13 22:00:23,280 INFO o.a.j.p.h.s.HTTPSamplerBase: Parser for application/xhtml+xml is org.apache.jmeter.protocol.http.parser.LagartoBasedHtmlParser
2025-11-13 22:00:23,280 INFO o.a.j.p.h.s.HTTPSamplerBase: Parser for application/xml is org.apache.jmeter.protocol.http.parser.LagartoBasedHtmlParser
2025-11-13 22:00:23,280 INFO o.a.j.p.h.s.HTTPSamplerBase: Parser for text/xml is org.apache.jmeter.protocol.http.parser.LagartoBasedHtmlParser
2025-11-13 22:00:23,280 INFO o.a.j.p.h.s.HTTPSamplerBase: Parser for text/vnd.wap.wml is org.apache.jmeter.protocol.http.parser.RegexpHTMLParser
2025-11-13 22:00:23,280 INFO o.a.j.p.h.s.HTTPSamplerBase: Parser for text/css is org.apache.jmeter.protocol.http.parser.CssParser
2025-11-13 22:00:23,310 INFO o.a.j.JMeter: Creating summariser <summary>
2025-11-13 22:00:23,312 INFO o.a.j.r.d.ReportGenerator: ReportGenerator will use for Parsing the separator: ','
2025-11-13 22:00:23,313 INFO o.a.j.r.d.ReportGenerator: Will generate report at end of test from  results file: backend/tests/jmeter/results/smoke.jtl
2025-11-13 22:00:23,313 INFO o.a.j.r.d.ReportGenerator: Reading report generator properties from: C:\Tools\apache-jmeter-5.6.3\bin\reportgenerator.properties
2025-11-13 22:00:23,314 INFO o.a.j.r.d.ReportGenerator: Merging with JMeter properties
2025-11-13 22:00:23,318 INFO o.a.j.r.c.ReportGeneratorConfiguration: Property 'jmeter.reportgenerator.temp_dir' not found, using default value 'temp' instead.
2025-11-13 22:00:23,320 INFO o.a.j.r.c.ReportGeneratorConfiguration: Property 'jmeter.reportgenerator.apdex_per_transaction' not found, using default value 'null' instead.
2025-11-13 22:00:23,320 INFO o.a.j.r.c.ReportGeneratorConfiguration: apdex_per_transaction is empty, not APDEX per transaction customization
2025-11-13 22:00:23,320 INFO o.a.j.r.c.ReportGeneratorConfiguration: Property 'jmeter.reportgenerator.sample_filter' not found, using default value 'null' instead.
2025-11-13 22:00:23,320 INFO o.a.j.r.c.ReportGeneratorConfiguration: Property 'jmeter.reportgenerator.report_title' not found, using default value 'null' instead.
2025-11-13 22:00:23,320 INFO o.a.j.r.c.ReportGeneratorConfiguration: Property 'jmeter.reportgenerator.start_date' not found, using default value 'null' instead.
2025-11-13 22:00:23,320 INFO o.a.j.r.c.ReportGeneratorConfiguration: Property 'jmeter.reportgenerator.end_date' not found, using default value 'null' instead.
2025-11-13 22:00:23,320 INFO o.a.j.r.c.ReportGeneratorConfiguration: Property 'jmeter.reportgenerator.date_format' not found, using default value 'null' instead.
2025-11-13 22:00:23,321 INFO o.a.j.r.c.ReportGeneratorConfiguration: Will use date range start date: null, end date: null
2025-11-13 22:00:23,324 INFO o.a.j.r.c.ReportGeneratorConfiguration: Property 'jmeter.reportgenerator.graph.totalTPS.exclude_controllers' not found, using default value 'false' instead.
2025-11-13 22:00:23,325 INFO o.a.j.r.c.ReportGeneratorConfiguration: Property 'jmeter.reportgenerator.graph.activeThreadsOverTime.exclude_controllers' not found, using default value 'false' instead.
2025-11-13 22:00:23,325 INFO o.a.j.r.c.ReportGeneratorConfiguration: Property 'jmeter.reportgenerator.graph.timeVsThreads.exclude_controllers' not found, using default value 'false' instead.
2025-11-13 22:00:23,325 INFO o.a.j.r.c.ReportGeneratorConfiguration: Property 'jmeter.reportgenerator.graph.responseTimeDistribution.exclude_controllers' not found, using default value 'false' instead.
2025-11-13 22:00:23,325 INFO o.a.j.r.c.ReportGeneratorConfiguration: Property 'jmeter.reportgenerator.graph.transactionsPerSecond.exclude_controllers' not found, using default value 'false' instead.
2025-11-13 22:00:23,325 INFO o.a.j.r.c.ReportGeneratorConfiguration: Property 'jmeter.reportgenerator.graph.responseTimePercentiles.exclude_controllers' not found, using default value 'false' instead.
2025-11-13 22:00:23,325 INFO o.a.j.r.c.ReportGeneratorConfiguration: Property 'jmeter.reportgenerator.graph.responseTimePercentilesOverTime.exclude_controllers' not found, using default value 'false' instead.
2025-11-13 22:00:23,326 INFO o.a.j.r.c.ReportGeneratorConfiguration: Property 'jmeter.reportgenerator.graph.responseTimesOverTime.exclude_controllers' not found, using default value 'false' instead.
2025-11-13 22:00:23,326 INFO o.a.j.r.c.ReportGeneratorConfiguration: Property 'jmeter.reportgenerator.graph.connectTimeOverTime.exclude_controllers' not found, using default value 'false' instead.
2025-11-13 22:00:23,326 INFO o.a.j.r.c.ReportGeneratorConfiguration: Property 'jmeter.reportgenerator.graph.latenciesOverTime.exclude_controllers' not found, using default value 'false' instead.
2025-11-13 22:00:23,327 INFO o.a.j.r.c.ReportGeneratorConfiguration: Property 'jmeter.reportgenerator.exporter.json.filters_only_sample_series' not found, using default value 'true' instead.
2025-11-13 22:00:23,327 INFO o.a.j.r.c.ReportGeneratorConfiguration: Property 'jmeter.reportgenerator.exporter.json.series_filter' not found, using default value '' instead.
2025-11-13 22:00:23,327 INFO o.a.j.r.c.ReportGeneratorConfiguration: Property 'jmeter.reportgenerator.exporter.json.show_controllers_only' not found, using default value 'false' instead.
2025-11-13 22:00:23,328 INFO o.a.j.r.c.ReportGeneratorConfiguration: Property 'jmeter.reportgenerator.exporter.html.filters_only_sample_series' not found, using default value 'true' instead.
2025-11-13 22:00:23,328 INFO o.a.j.r.c.ReportGeneratorConfiguration: Property 'jmeter.reportgenerator.exporter.html.series_filter' not found, using default value '' instead.
2025-11-13 22:00:23,328 INFO o.a.j.r.c.ReportGeneratorConfiguration: Property 'jmeter.reportgenerator.exporter.html.show_controllers_only' not found, using default value 'false' instead.
2025-11-13 22:00:23,346 INFO o.a.j.e.StandardJMeterEngine: Running the test!
2025-11-13 22:00:23,347 INFO o.a.j.s.SampleEvent: List of sample_variables: []
2025-11-13 22:00:23,347 INFO o.a.j.s.SampleEvent: List of sample_variables: []
2025-11-13 22:00:23,357 INFO o.a.j.e.u.CompoundVariable: Note: Function class names must contain the string: '.functions.'
2025-11-13 22:00:23,357 INFO o.a.j.e.u.CompoundVariable: Note: Function class names must not contain the string: '.gui.'
2025-11-13 22:00:23,430 INFO o.a.j.JMeter: Running test (1763082023430)
2025-11-13 22:00:23,450 INFO o.a.j.e.StandardJMeterEngine: Starting ThreadGroup: 1 : API
2025-11-13 22:00:23,450 INFO o.a.j.e.StandardJMeterEngine: Starting 100 threads for group API.
2025-11-13 22:00:23,450 INFO o.a.j.e.StandardJMeterEngine: Thread will continue on error
2025-11-13 22:00:23,450 INFO o.a.j.t.ThreadGroup: Starting thread group... number=1 threads=100 ramp-up=10 delayedStart=false
2025-11-13 22:00:23,460 INFO o.a.j.t.JMeterThread: Thread started: API 1-1
2025-11-13 22:00:23,489 INFO o.a.j.p.h.s.HTTPHCAbstractImpl: Local host = UNI-LABF-7460
2025-11-13 22:00:23,500 INFO o.a.j.t.ThreadGroup: Started thread group number 1
2025-11-13 22:00:23,500 INFO o.a.j.e.StandardJMeterEngine: All thread groups have been started
2025-11-13 22:00:23,503 INFO o.a.j.p.h.s.HTTPHC4Impl: HTTP request retry count = 0
2025-11-13 22:00:23,505 INFO o.a.j.s.SampleResult: Note: Sample TimeStamps are START times
2025-11-13 22:00:23,506 INFO o.a.j.s.SampleResult: sampleresult.default.encoding is set to UTF-8
2025-11-13 22:00:23,506 INFO o.a.j.s.SampleResult: sampleresult.useNanoTime=true
2025-11-13 22:00:23,506 INFO o.a.j.s.SampleResult: sampleresult.nanoThreadSleep=5000
2025-11-13 22:00:23,558 INFO o.a.j.t.JMeterThread: Thread started: API 1-2
2025-11-13 22:00:23,657 INFO o.a.j.t.JMeterThread: Thread started: API 1-3
2025-11-13 22:00:23,756 INFO o.a.j.t.JMeterThread: Thread started: API 1-4
2025-11-13 22:00:23,769 INFO o.a.j.t.JMeterThread: Thread is done: API 1-3
2025-11-13 22:00:23,769 INFO o.a.j.t.JMeterThread: Thread is done: API 1-1
2025-11-13 22:00:23,770 INFO o.a.j.t.JMeterThread: Thread finished: API 1-3
2025-11-13 22:00:23,769 INFO o.a.j.t.JMeterThread: Thread is done: API 1-2
2025-11-13 22:00:23,769 INFO o.a.j.t.JMeterThread: Thread is done: API 1-4
2025-11-13 22:00:23,770 INFO o.a.j.t.JMeterThread: Thread finished: API 1-1
2025-11-13 22:00:23,770 INFO o.a.j.t.JMeterThread: Thread finished: API 1-2
2025-11-13 22:00:23,770 INFO o.a.j.t.JMeterThread: Thread finished: API 1-4
2025-11-13 22:00:23,855 INFO o.a.j.t.JMeterThread: Thread started: API 1-5
2025-11-13 22:00:23,866 INFO o.a.j.t.JMeterThread: Thread is done: API 1-5
2025-11-13 22:00:23,867 INFO o.a.j.t.JMeterThread: Thread finished: API 1-5
2025-11-13 22:00:23,955 INFO o.a.j.t.JMeterThread: Thread started: API 1-6
2025-11-13 22:00:23,960 INFO o.a.j.t.JMeterThread: Thread is done: API 1-6
2025-11-13 22:00:23,960 INFO o.a.j.t.JMeterThread: Thread finished: API 1-6
2025-11-13 22:00:24,054 INFO o.a.j.t.JMeterThread: Thread started: API 1-7
2025-11-13 22:00:24,066 INFO o.a.j.t.JMeterThread: Thread is done: API 1-7
2025-11-13 22:00:24,067 INFO o.a.j.t.JMeterThread: Thread finished: API 1-7
2025-11-13 22:00:24,153 INFO o.a.j.t.JMeterThread: Thread started: API 1-8
2025-11-13 22:00:24,159 INFO o.a.j.t.JMeterThread: Thread is done: API 1-8
2025-11-13 22:00:24,160 INFO o.a.j.t.JMeterThread: Thread finished: API 1-8
2025-11-13 22:00:24,252 INFO o.a.j.t.JMeterThread: Thread started: API 1-9
2025-11-13 22:00:24,257 INFO o.a.j.t.JMeterThread: Thread is done: API 1-9
2025-11-13 22:00:24,257 INFO o.a.j.t.JMeterThread: Thread finished: API 1-9
2025-11-13 22:00:24,353 INFO o.a.j.t.JMeterThread: Thread started: API 1-10
2025-11-13 22:00:24,367 INFO o.a.j.t.JMeterThread: Thread is done: API 1-10
2025-11-13 22:00:24,367 INFO o.a.j.t.JMeterThread: Thread finished: API 1-10
2025-11-13 22:00:24,452 INFO o.a.j.t.JMeterThread: Thread started: API 1-11
2025-11-13 22:00:24,461 INFO o.a.j.t.JMeterThread: Thread is done: API 1-11
2025-11-13 22:00:24,461 INFO o.a.j.t.JMeterThread: Thread finished: API 1-11
2025-11-13 22:00:24,553 INFO o.a.j.t.JMeterThread: Thread started: API 1-12
2025-11-13 22:00:24,560 INFO o.a.j.t.JMeterThread: Thread is done: API 1-12
2025-11-13 22:00:24,560 INFO o.a.j.t.JMeterThread: Thread finished: API 1-12
2025-11-13 22:00:24,651 INFO o.a.j.t.JMeterThread: Thread started: API 1-13
2025-11-13 22:00:24,657 INFO o.a.j.t.JMeterThread: Thread is done: API 1-13
2025-11-13 22:00:24,657 INFO o.a.j.t.JMeterThread: Thread finished: API 1-13
2025-11-13 22:00:24,752 INFO o.a.j.t.JMeterThread: Thread started: API 1-14
2025-11-13 22:00:24,757 INFO o.a.j.t.JMeterThread: Thread is done: API 1-14
2025-11-13 22:00:24,757 INFO o.a.j.t.JMeterThread: Thread finished: API 1-14
2025-11-13 22:00:24,851 INFO o.a.j.t.JMeterThread: Thread started: API 1-15
2025-11-13 22:00:24,857 INFO o.a.j.t.JMeterThread: Thread is done: API 1-15
2025-11-13 22:00:24,858 INFO o.a.j.t.JMeterThread: Thread finished: API 1-15
2025-11-13 22:00:24,951 INFO o.a.j.t.JMeterThread: Thread started: API 1-16
2025-11-13 22:00:24,958 INFO o.a.j.t.JMeterThread: Thread is done: API 1-16
2025-11-13 22:00:24,959 INFO o.a.j.t.JMeterThread: Thread finished: API 1-16
2025-11-13 22:00:25,052 INFO o.a.j.t.JMeterThread: Thread started: API 1-17
2025-11-13 22:00:25,057 INFO o.a.j.t.JMeterThread: Thread is done: API 1-17
2025-11-13 22:00:25,057 INFO o.a.j.t.JMeterThread: Thread finished: API 1-17
2025-11-13 22:00:25,153 INFO o.a.j.t.JMeterThread: Thread started: API 1-18
2025-11-13 22:00:25,162 INFO o.a.j.t.JMeterThread: Thread is done: API 1-18
2025-11-13 22:00:25,162 INFO o.a.j.t.JMeterThread: Thread finished: API 1-18
2025-11-13 22:00:25,253 INFO o.a.j.t.JMeterThread: Thread started: API 1-19
2025-11-13 22:00:25,258 INFO o.a.j.t.JMeterThread: Thread is done: API 1-19
2025-11-13 22:00:25,258 INFO o.a.j.t.JMeterThread: Thread finished: API 1-19
2025-11-13 22:00:25,352 INFO o.a.j.t.JMeterThread: Thread started: API 1-20
2025-11-13 22:00:25,357 INFO o.a.j.t.JMeterThread: Thread is done: API 1-20
2025-11-13 22:00:25,357 INFO o.a.j.t.JMeterThread: Thread finished: API 1-20
2025-11-13 22:00:25,452 INFO o.a.j.t.JMeterThread: Thread started: API 1-21
2025-11-13 22:00:25,466 INFO o.a.j.t.JMeterThread: Thread is done: API 1-21
2025-11-13 22:00:25,466 INFO o.a.j.t.JMeterThread: Thread finished: API 1-21
2025-11-13 22:00:25,551 INFO o.a.j.t.JMeterThread: Thread started: API 1-22
2025-11-13 22:00:25,557 INFO o.a.j.t.JMeterThread: Thread is done: API 1-22
2025-11-13 22:00:25,558 INFO o.a.j.t.JMeterThread: Thread finished: API 1-22
2025-11-13 22:00:25,652 INFO o.a.j.t.JMeterThread: Thread started: API 1-23
2025-11-13 22:00:25,658 INFO o.a.j.t.JMeterThread: Thread is done: API 1-23
2025-11-13 22:00:25,659 INFO o.a.j.t.JMeterThread: Thread finished: API 1-23
2025-11-13 22:00:25,752 INFO o.a.j.t.JMeterThread: Thread started: API 1-24
2025-11-13 22:00:25,762 INFO o.a.j.t.JMeterThread: Thread is done: API 1-24
2025-11-13 22:00:25,762 INFO o.a.j.t.JMeterThread: Thread finished: API 1-24
2025-11-13 22:00:25,851 INFO o.a.j.t.JMeterThread: Thread started: API 1-25
2025-11-13 22:00:25,858 INFO o.a.j.t.JMeterThread: Thread is done: API 1-25
2025-11-13 22:00:25,858 INFO o.a.j.t.JMeterThread: Thread finished: API 1-25
2025-11-13 22:00:25,951 INFO o.a.j.t.JMeterThread: Thread started: API 1-26
2025-11-13 22:00:25,957 INFO o.a.j.t.JMeterThread: Thread is done: API 1-26
2025-11-13 22:00:25,957 INFO o.a.j.t.JMeterThread: Thread finished: API 1-26
2025-11-13 22:00:26,053 INFO o.a.j.t.JMeterThread: Thread started: API 1-27
2025-11-13 22:00:26,059 INFO o.a.j.t.JMeterThread: Thread is done: API 1-27
2025-11-13 22:00:26,059 INFO o.a.j.t.JMeterThread: Thread finished: API 1-27
2025-11-13 22:00:26,153 INFO o.a.j.t.JMeterThread: Thread started: API 1-28
2025-11-13 22:00:26,168 INFO o.a.j.t.JMeterThread: Thread is done: API 1-28
2025-11-13 22:00:26,168 INFO o.a.j.t.JMeterThread: Thread finished: API 1-28
2025-11-13 22:00:26,252 INFO o.a.j.t.JMeterThread: Thread started: API 1-29
2025-11-13 22:00:26,264 INFO o.a.j.t.JMeterThread: Thread is done: API 1-29
2025-11-13 22:00:26,264 INFO o.a.j.t.JMeterThread: Thread finished: API 1-29
2025-11-13 22:00:26,352 INFO o.a.j.t.JMeterThread: Thread started: API 1-30
2025-11-13 22:00:26,365 INFO o.a.j.t.JMeterThread: Thread is done: API 1-30
2025-11-13 22:00:26,365 INFO o.a.j.t.JMeterThread: Thread finished: API 1-30
2025-11-13 22:00:26,452 INFO o.a.j.t.JMeterThread: Thread started: API 1-31
2025-11-13 22:00:26,464 INFO o.a.j.t.JMeterThread: Thread is done: API 1-31
2025-11-13 22:00:26,464 INFO o.a.j.t.JMeterThread: Thread finished: API 1-31
2025-11-13 22:00:26,552 INFO o.a.j.t.JMeterThread: Thread started: API 1-32
2025-11-13 22:00:26,564 INFO o.a.j.t.JMeterThread: Thread is done: API 1-32
2025-11-13 22:00:26,564 INFO o.a.j.t.JMeterThread: Thread finished: API 1-32
2025-11-13 22:00:26,651 INFO o.a.j.t.JMeterThread: Thread started: API 1-33
2025-11-13 22:00:26,662 INFO o.a.j.t.JMeterThread: Thread is done: API 1-33
2025-11-13 22:00:26,662 INFO o.a.j.t.JMeterThread: Thread finished: API 1-33
2025-11-13 22:00:26,751 INFO o.a.j.t.JMeterThread: Thread started: API 1-34
2025-11-13 22:00:26,762 INFO o.a.j.t.JMeterThread: Thread is done: API 1-34
2025-11-13 22:00:26,762 INFO o.a.j.t.JMeterThread: Thread finished: API 1-34
2025-11-13 22:00:26,851 INFO o.a.j.t.JMeterThread: Thread started: API 1-35
2025-11-13 22:00:26,866 INFO o.a.j.t.JMeterThread: Thread is done: API 1-35
2025-11-13 22:00:26,866 INFO o.a.j.t.JMeterThread: Thread finished: API 1-35
2025-11-13 22:00:26,951 INFO o.a.j.t.JMeterThread: Thread started: API 1-36
2025-11-13 22:00:26,962 INFO o.a.j.t.JMeterThread: Thread is done: API 1-36
2025-11-13 22:00:26,962 INFO o.a.j.t.JMeterThread: Thread finished: API 1-36
2025-11-13 22:00:27,052 INFO o.a.j.t.JMeterThread: Thread started: API 1-37
2025-11-13 22:00:27,063 INFO o.a.j.t.JMeterThread: Thread is done: API 1-37
2025-11-13 22:00:27,063 INFO o.a.j.t.JMeterThread: Thread finished: API 1-37
2025-11-13 22:00:27,151 INFO o.a.j.t.JMeterThread: Thread started: API 1-38
2025-11-13 22:00:27,159 INFO o.a.j.t.JMeterThread: Thread is done: API 1-38
2025-11-13 22:00:27,159 INFO o.a.j.t.JMeterThread: Thread finished: API 1-38
2025-11-13 22:00:27,250 INFO o.a.j.t.JMeterThread: Thread started: API 1-39
2025-11-13 22:00:27,255 INFO o.a.j.t.JMeterThread: Thread is done: API 1-39
2025-11-13 22:00:27,255 INFO o.a.j.t.JMeterThread: Thread finished: API 1-39
2025-11-13 22:00:27,352 INFO o.a.j.t.JMeterThread: Thread started: API 1-40
2025-11-13 22:00:27,357 INFO o.a.j.t.JMeterThread: Thread is done: API 1-40
2025-11-13 22:00:27,358 INFO o.a.j.t.JMeterThread: Thread finished: API 1-40
2025-11-13 22:00:27,452 INFO o.a.j.t.JMeterThread: Thread started: API 1-41
2025-11-13 22:00:27,458 INFO o.a.j.t.JMeterThread: Thread is done: API 1-41
2025-11-13 22:00:27,458 INFO o.a.j.t.JMeterThread: Thread finished: API 1-41
2025-11-13 22:00:27,551 INFO o.a.j.t.JMeterThread: Thread started: API 1-42
2025-11-13 22:00:27,556 INFO o.a.j.t.JMeterThread: Thread is done: API 1-42
2025-11-13 22:00:27,556 INFO o.a.j.t.JMeterThread: Thread finished: API 1-42
2025-11-13 22:00:27,651 INFO o.a.j.t.JMeterThread: Thread started: API 1-43
2025-11-13 22:00:27,658 INFO o.a.j.t.JMeterThread: Thread is done: API 1-43
2025-11-13 22:00:27,658 INFO o.a.j.t.JMeterThread: Thread finished: API 1-43
2025-11-13 22:00:27,751 INFO o.a.j.t.JMeterThread: Thread started: API 1-44
2025-11-13 22:00:27,755 INFO o.a.j.t.JMeterThread: Thread is done: API 1-44
2025-11-13 22:00:27,755 INFO o.a.j.t.JMeterThread: Thread finished: API 1-44
2025-11-13 22:00:27,861 INFO o.a.j.t.JMeterThread: Thread started: API 1-45
2025-11-13 22:00:27,871 INFO o.a.j.t.JMeterThread: Thread is done: API 1-45
2025-11-13 22:00:27,871 INFO o.a.j.t.JMeterThread: Thread finished: API 1-45
2025-11-13 22:00:27,951 INFO o.a.j.t.JMeterThread: Thread started: API 1-46
2025-11-13 22:00:27,958 INFO o.a.j.t.JMeterThread: Thread is done: API 1-46
2025-11-13 22:00:27,958 INFO o.a.j.t.JMeterThread: Thread finished: API 1-46
2025-11-13 22:00:28,050 INFO o.a.j.t.JMeterThread: Thread started: API 1-47
2025-11-13 22:00:28,056 INFO o.a.j.t.JMeterThread: Thread is done: API 1-47
2025-11-13 22:00:28,056 INFO o.a.j.t.JMeterThread: Thread finished: API 1-47
2025-11-13 22:00:28,151 INFO o.a.j.t.JMeterThread: Thread started: API 1-48
2025-11-13 22:00:28,160 INFO o.a.j.t.JMeterThread: Thread is done: API 1-48
2025-11-13 22:00:28,161 INFO o.a.j.t.JMeterThread: Thread finished: API 1-48
2025-11-13 22:00:28,250 INFO o.a.j.t.JMeterThread: Thread started: API 1-49
2025-11-13 22:00:28,257 INFO o.a.j.t.JMeterThread: Thread is done: API 1-49
2025-11-13 22:00:28,258 INFO o.a.j.t.JMeterThread: Thread finished: API 1-49
2025-11-13 22:00:28,351 INFO o.a.j.t.JMeterThread: Thread started: API 1-50
2025-11-13 22:00:28,362 INFO o.a.j.t.JMeterThread: Thread is done: API 1-50
2025-11-13 22:00:28,363 INFO o.a.j.t.JMeterThread: Thread finished: API 1-50
2025-11-13 22:00:28,451 INFO o.a.j.t.JMeterThread: Thread started: API 1-51
2025-11-13 22:00:28,465 INFO o.a.j.t.JMeterThread: Thread is done: API 1-51
2025-11-13 22:00:28,465 INFO o.a.j.t.JMeterThread: Thread finished: API 1-51
2025-11-13 22:00:28,551 INFO o.a.j.t.JMeterThread: Thread started: API 1-52
2025-11-13 22:00:28,563 INFO o.a.j.t.JMeterThread: Thread is done: API 1-52
2025-11-13 22:00:28,563 INFO o.a.j.t.JMeterThread: Thread finished: API 1-52
2025-11-13 22:00:28,651 INFO o.a.j.t.JMeterThread: Thread started: API 1-53
2025-11-13 22:00:28,660 INFO o.a.j.t.JMeterThread: Thread is done: API 1-53
2025-11-13 22:00:28,660 INFO o.a.j.t.JMeterThread: Thread finished: API 1-53
2025-11-13 22:00:28,751 INFO o.a.j.t.JMeterThread: Thread started: API 1-54
2025-11-13 22:00:28,766 INFO o.a.j.t.JMeterThread: Thread is done: API 1-54
2025-11-13 22:00:28,766 INFO o.a.j.t.JMeterThread: Thread finished: API 1-54
2025-11-13 22:00:28,851 INFO o.a.j.t.JMeterThread: Thread started: API 1-55
2025-11-13 22:00:28,865 INFO o.a.j.t.JMeterThread: Thread is done: API 1-55
2025-11-13 22:00:28,865 INFO o.a.j.t.JMeterThread: Thread finished: API 1-55
2025-11-13 22:00:28,952 INFO o.a.j.t.JMeterThread: Thread started: API 1-56
2025-11-13 22:00:28,964 INFO o.a.j.t.JMeterThread: Thread is done: API 1-56
2025-11-13 22:00:28,964 INFO o.a.j.t.JMeterThread: Thread finished: API 1-56
2025-11-13 22:00:29,050 INFO o.a.j.t.JMeterThread: Thread started: API 1-57
2025-11-13 22:00:29,062 INFO o.a.j.t.JMeterThread: Thread is done: API 1-57
2025-11-13 22:00:29,062 INFO o.a.j.t.JMeterThread: Thread finished: API 1-57
2025-11-13 22:00:29,152 INFO o.a.j.t.JMeterThread: Thread started: API 1-58
2025-11-13 22:00:29,166 INFO o.a.j.t.JMeterThread: Thread is done: API 1-58
2025-11-13 22:00:29,166 INFO o.a.j.t.JMeterThread: Thread finished: API 1-58
2025-11-13 22:00:29,252 INFO o.a.j.t.JMeterThread: Thread started: API 1-59
2025-11-13 22:00:29,264 INFO o.a.j.t.JMeterThread: Thread is done: API 1-59
2025-11-13 22:00:29,265 INFO o.a.j.t.JMeterThread: Thread finished: API 1-59
2025-11-13 22:00:29,351 INFO o.a.j.t.JMeterThread: Thread started: API 1-60
2025-11-13 22:00:29,363 INFO o.a.j.t.JMeterThread: Thread is done: API 1-60
2025-11-13 22:00:29,363 INFO o.a.j.t.JMeterThread: Thread finished: API 1-60
2025-11-13 22:00:29,453 INFO o.a.j.t.JMeterThread: Thread started: API 1-61
2025-11-13 22:00:29,468 INFO o.a.j.t.JMeterThread: Thread is done: API 1-61
2025-11-13 22:00:29,469 INFO o.a.j.t.JMeterThread: Thread finished: API 1-61
2025-11-13 22:00:29,551 INFO o.a.j.t.JMeterThread: Thread started: API 1-62
2025-11-13 22:00:29,562 INFO o.a.j.t.JMeterThread: Thread is done: API 1-62
2025-11-13 22:00:29,562 INFO o.a.j.t.JMeterThread: Thread finished: API 1-62
2025-11-13 22:00:29,650 INFO o.a.j.t.JMeterThread: Thread started: API 1-63
2025-11-13 22:00:29,664 INFO o.a.j.t.JMeterThread: Thread is done: API 1-63
2025-11-13 22:00:29,664 INFO o.a.j.t.JMeterThread: Thread finished: API 1-63
2025-11-13 22:00:29,751 INFO o.a.j.t.JMeterThread: Thread started: API 1-64
2025-11-13 22:00:29,771 INFO o.a.j.t.JMeterThread: Thread is done: API 1-64
2025-11-13 22:00:29,771 INFO o.a.j.t.JMeterThread: Thread finished: API 1-64
2025-11-13 22:00:29,852 INFO o.a.j.t.JMeterThread: Thread started: API 1-65
2025-11-13 22:00:29,865 INFO o.a.j.t.JMeterThread: Thread is done: API 1-65
2025-11-13 22:00:29,865 INFO o.a.j.t.JMeterThread: Thread finished: API 1-65
2025-11-13 22:00:29,950 INFO o.a.j.t.JMeterThread: Thread started: API 1-66
2025-11-13 22:00:29,962 INFO o.a.j.t.JMeterThread: Thread is done: API 1-66
2025-11-13 22:00:29,962 INFO o.a.j.t.JMeterThread: Thread finished: API 1-66
2025-11-13 22:00:30,051 INFO o.a.j.t.JMeterThread: Thread started: API 1-67
2025-11-13 22:00:30,061 INFO o.a.j.r.Summariser: summary +     67 in 00:00:07 =   10.1/s Avg:     9 Min:     3 Max:    79 Err:     0 (0.00%) Active: 1 Started: 67 Finished: 66
2025-11-13 22:00:30,062 INFO o.a.j.t.JMeterThread: Thread is done: API 1-67
2025-11-13 22:00:30,062 INFO o.a.j.t.JMeterThread: Thread finished: API 1-67
2025-11-13 22:00:30,150 INFO o.a.j.t.JMeterThread: Thread started: API 1-68
2025-11-13 22:00:30,163 INFO o.a.j.t.JMeterThread: Thread is done: API 1-68
2025-11-13 22:00:30,163 INFO o.a.j.t.JMeterThread: Thread finished: API 1-68
2025-11-13 22:00:30,253 INFO o.a.j.t.JMeterThread: Thread started: API 1-69
2025-11-13 22:00:30,263 INFO o.a.j.t.JMeterThread: Thread is done: API 1-69
2025-11-13 22:00:30,263 INFO o.a.j.t.JMeterThread: Thread finished: API 1-69
2025-11-13 22:00:30,352 INFO o.a.j.t.JMeterThread: Thread started: API 1-70
2025-11-13 22:00:30,367 INFO o.a.j.t.JMeterThread: Thread is done: API 1-70
2025-11-13 22:00:30,367 INFO o.a.j.t.JMeterThread: Thread finished: API 1-70
2025-11-13 22:00:30,452 INFO o.a.j.t.JMeterThread: Thread started: API 1-71
2025-11-13 22:00:30,467 INFO o.a.j.t.JMeterThread: Thread is done: API 1-71
2025-11-13 22:00:30,467 INFO o.a.j.t.JMeterThread: Thread finished: API 1-71
2025-11-13 22:00:30,550 INFO o.a.j.t.JMeterThread: Thread started: API 1-72
2025-11-13 22:00:30,559 INFO o.a.j.t.JMeterThread: Thread is done: API 1-72
2025-11-13 22:00:30,559 INFO o.a.j.t.JMeterThread: Thread finished: API 1-72
2025-11-13 22:00:30,650 INFO o.a.j.t.JMeterThread: Thread started: API 1-73
2025-11-13 22:00:30,663 INFO o.a.j.t.JMeterThread: Thread is done: API 1-73
2025-11-13 22:00:30,663 INFO o.a.j.t.JMeterThread: Thread finished: API 1-73
2025-11-13 22:00:30,751 INFO o.a.j.t.JMeterThread: Thread started: API 1-74
2025-11-13 22:00:30,765 INFO o.a.j.t.JMeterThread: Thread is done: API 1-74
2025-11-13 22:00:30,765 INFO o.a.j.t.JMeterThread: Thread finished: API 1-74
2025-11-13 22:00:30,851 INFO o.a.j.t.JMeterThread: Thread started: API 1-75
2025-11-13 22:00:30,867 INFO o.a.j.t.JMeterThread: Thread is done: API 1-75
2025-11-13 22:00:30,867 INFO o.a.j.t.JMeterThread: Thread finished: API 1-75
2025-11-13 22:00:30,951 INFO o.a.j.t.JMeterThread: Thread started: API 1-76
2025-11-13 22:00:30,963 INFO o.a.j.t.JMeterThread: Thread is done: API 1-76
2025-11-13 22:00:30,963 INFO o.a.j.t.JMeterThread: Thread finished: API 1-76
2025-11-13 22:00:31,050 INFO o.a.j.t.JMeterThread: Thread started: API 1-77
2025-11-13 22:00:31,063 INFO o.a.j.t.JMeterThread: Thread is done: API 1-77
2025-11-13 22:00:31,063 INFO o.a.j.t.JMeterThread: Thread finished: API 1-77
2025-11-13 22:00:31,151 INFO o.a.j.t.JMeterThread: Thread started: API 1-78
2025-11-13 22:00:31,165 INFO o.a.j.t.JMeterThread: Thread is done: API 1-78
2025-11-13 22:00:31,165 INFO o.a.j.t.JMeterThread: Thread finished: API 1-78
2025-11-13 22:00:31,250 INFO o.a.j.t.JMeterThread: Thread started: API 1-79
2025-11-13 22:00:31,257 INFO o.a.j.t.JMeterThread: Thread is done: API 1-79
2025-11-13 22:00:31,257 INFO o.a.j.t.JMeterThread: Thread finished: API 1-79
2025-11-13 22:00:31,351 INFO o.a.j.t.JMeterThread: Thread started: API 1-80
2025-11-13 22:00:31,363 INFO o.a.j.t.JMeterThread: Thread is done: API 1-80
2025-11-13 22:00:31,364 INFO o.a.j.t.JMeterThread: Thread finished: API 1-80
2025-11-13 22:00:31,450 INFO o.a.j.t.JMeterThread: Thread started: API 1-81
2025-11-13 22:00:31,461 INFO o.a.j.t.JMeterThread: Thread is done: API 1-81
2025-11-13 22:00:31,462 INFO o.a.j.t.JMeterThread: Thread finished: API 1-81
2025-11-13 22:00:31,551 INFO o.a.j.t.JMeterThread: Thread started: API 1-82
2025-11-13 22:00:31,565 INFO o.a.j.t.JMeterThread: Thread is done: API 1-82
2025-11-13 22:00:31,565 INFO o.a.j.t.JMeterThread: Thread finished: API 1-82
2025-11-13 22:00:31,652 INFO o.a.j.t.JMeterThread: Thread started: API 1-83
2025-11-13 22:00:31,661 INFO o.a.j.t.JMeterThread: Thread is done: API 1-83
2025-11-13 22:00:31,661 INFO o.a.j.t.JMeterThread: Thread finished: API 1-83
2025-11-13 22:00:31,751 INFO o.a.j.t.JMeterThread: Thread started: API 1-84
2025-11-13 22:00:31,762 INFO o.a.j.t.JMeterThread: Thread is done: API 1-84
2025-11-13 22:00:31,762 INFO o.a.j.t.JMeterThread: Thread finished: API 1-84
2025-11-13 22:00:31,851 INFO o.a.j.t.JMeterThread: Thread started: API 1-85
2025-11-13 22:00:31,865 INFO o.a.j.t.JMeterThread: Thread is done: API 1-85
2025-11-13 22:00:31,866 INFO o.a.j.t.JMeterThread: Thread finished: API 1-85
2025-11-13 22:00:31,952 INFO o.a.j.t.JMeterThread: Thread started: API 1-86
2025-11-13 22:00:31,966 INFO o.a.j.t.JMeterThread: Thread is done: API 1-86
2025-11-13 22:00:31,966 INFO o.a.j.t.JMeterThread: Thread finished: API 1-86
2025-11-13 22:00:32,052 INFO o.a.j.t.JMeterThread: Thread started: API 1-87
2025-11-13 22:00:32,062 INFO o.a.j.t.JMeterThread: Thread is done: API 1-87
2025-11-13 22:00:32,063 INFO o.a.j.t.JMeterThread: Thread finished: API 1-87
2025-11-13 22:00:32,151 INFO o.a.j.t.JMeterThread: Thread started: API 1-88
2025-11-13 22:00:32,161 INFO o.a.j.t.JMeterThread: Thread is done: API 1-88
2025-11-13 22:00:32,162 INFO o.a.j.t.JMeterThread: Thread finished: API 1-88
2025-11-13 22:00:32,252 INFO o.a.j.t.JMeterThread: Thread started: API 1-89
2025-11-13 22:00:32,263 INFO o.a.j.t.JMeterThread: Thread is done: API 1-89
2025-11-13 22:00:32,263 INFO o.a.j.t.JMeterThread: Thread finished: API 1-89
2025-11-13 22:00:32,352 INFO o.a.j.t.JMeterThread: Thread started: API 1-90
2025-11-13 22:00:32,362 INFO o.a.j.t.JMeterThread: Thread is done: API 1-90
2025-11-13 22:00:32,362 INFO o.a.j.t.JMeterThread: Thread finished: API 1-90
2025-11-13 22:00:32,451 INFO o.a.j.t.JMeterThread: Thread started: API 1-91
2025-11-13 22:00:32,461 INFO o.a.j.t.JMeterThread: Thread is done: API 1-91
2025-11-13 22:00:32,461 INFO o.a.j.t.JMeterThread: Thread finished: API 1-91
2025-11-13 22:00:32,552 INFO o.a.j.t.JMeterThread: Thread started: API 1-92
2025-11-13 22:00:32,561 INFO o.a.j.t.JMeterThread: Thread is done: API 1-92
2025-11-13 22:00:32,561 INFO o.a.j.t.JMeterThread: Thread finished: API 1-92
2025-11-13 22:00:32,651 INFO o.a.j.t.JMeterThread: Thread started: API 1-93
2025-11-13 22:00:32,663 INFO o.a.j.t.JMeterThread: Thread is done: API 1-93
2025-11-13 22:00:32,663 INFO o.a.j.t.JMeterThread: Thread finished: API 1-93
2025-11-13 22:00:32,751 INFO o.a.j.t.JMeterThread: Thread started: API 1-94
2025-11-13 22:00:32,760 INFO o.a.j.t.JMeterThread: Thread is done: API 1-94
2025-11-13 22:00:32,760 INFO o.a.j.t.JMeterThread: Thread finished: API 1-94
2025-11-13 22:00:32,850 INFO o.a.j.t.JMeterThread: Thread started: API 1-95
2025-11-13 22:00:32,859 INFO o.a.j.t.JMeterThread: Thread is done: API 1-95
2025-11-13 22:00:32,859 INFO o.a.j.t.JMeterThread: Thread finished: API 1-95
2025-11-13 22:00:32,951 INFO o.a.j.t.JMeterThread: Thread started: API 1-96
2025-11-13 22:00:32,966 INFO o.a.j.t.JMeterThread: Thread is done: API 1-96
2025-11-13 22:00:32,966 INFO o.a.j.t.JMeterThread: Thread finished: API 1-96
2025-11-13 22:00:33,050 INFO o.a.j.t.JMeterThread: Thread started: API 1-97
2025-11-13 22:00:33,063 INFO o.a.j.t.JMeterThread: Thread is done: API 1-97
2025-11-13 22:00:33,063 INFO o.a.j.t.JMeterThread: Thread finished: API 1-97
2025-11-13 22:00:33,150 INFO o.a.j.t.JMeterThread: Thread started: API 1-98
2025-11-13 22:00:33,161 INFO o.a.j.t.JMeterThread: Thread is done: API 1-98
2025-11-13 22:00:33,161 INFO o.a.j.t.JMeterThread: Thread finished: API 1-98
2025-11-13 22:00:33,251 INFO o.a.j.t.JMeterThread: Thread started: API 1-99
2025-11-13 22:00:33,263 INFO o.a.j.t.JMeterThread: Thread is done: API 1-99
2025-11-13 22:00:33,263 INFO o.a.j.t.JMeterThread: Thread finished: API 1-99
2025-11-13 22:00:33,351 INFO o.a.j.t.JMeterThread: Thread started: API 1-100
2025-11-13 22:00:33,365 INFO o.a.j.t.JMeterThread: Thread is done: API 1-100
2025-11-13 22:00:33,365 INFO o.a.j.t.JMeterThread: Thread finished: API 1-100
2025-11-13 22:00:33,366 INFO o.a.j.e.StandardJMeterEngine: Notifying test listeners of end of test
2025-11-13 22:00:33,368 INFO o.a.j.r.Summariser: summary +     33 in 00:00:03 =   10.0/s Avg:     8 Min:     5 Max:    13 Err:     0 (0.00%) Active: 0 Started: 100 Finished: 100
2025-11-13 22:00:33,369 INFO o.a.j.r.Summariser: summary =    100 in 00:00:10 =   10.1/s Avg:     9 Min:     3 Max:    79 Err:     0 (0.00%)
2025-11-13 22:00:33,372 INFO o.a.j.JMeter: Generating Dashboard
2025-11-13 22:00:33,372 INFO o.a.j.r.d.ReportGenerator: Flushing result collector before report Generation
2025-11-13 22:00:33,380 INFO o.a.j.r.p.NormalizerSampleConsumer: Using format, 'ms', to parse timeStamp field
2025-11-13 22:00:33,475 INFO o.a.j.r.p.AbstractSampleConsumer: class org.apache.jmeter.report.processor.AggregateConsumer#stopProducing(): beginDate produced 0 samples
2025-11-13 22:00:33,475 INFO o.a.j.r.p.AbstractSampleConsumer: class org.apache.jmeter.report.processor.AggregateConsumer#stopProducing(): endDate produced 0 samples
2025-11-13 22:00:33,478 INFO o.a.j.r.p.AbstractSampleConsumer: class org.apache.jmeter.report.processor.ApdexSummaryConsumer#stopProducing(): apdexSummary produced 0 samples
2025-11-13 22:00:33,478 INFO o.a.j.r.p.AbstractSampleConsumer: class org.apache.jmeter.report.processor.RequestsSummaryConsumer#stopProducing(): requestsSummary produced 0 samples
2025-11-13 22:00:33,484 INFO o.a.j.r.p.AbstractSampleConsumer: class org.apache.jmeter.report.processor.StatisticsSummaryConsumer#stopProducing(): statisticsSummary produced 0 samples
2025-11-13 22:00:33,485 INFO o.a.j.r.p.AbstractSampleConsumer: class org.apache.jmeter.report.processor.Top5ErrorsBySamplerConsumer#stopProducing(): top5ErrorsBySampler produced 0 samples
2025-11-13 22:00:33,485 INFO o.a.j.r.p.AbstractSampleConsumer: class org.apache.jmeter.report.processor.ErrorsSummaryConsumer#stopProducing(): errorsSummary produced 0 samples
2025-11-13 22:00:33,485 INFO o.a.j.r.p.AbstractSampleConsumer: class org.apache.jmeter.report.processor.graph.impl.HitsPerSecondGraphConsumer#stopProducing(): hitsPerSecond produced 0 samples
2025-11-13 22:00:33,506 INFO o.a.j.r.p.AbstractSampleConsumer: class org.apache.jmeter.report.processor.graph.impl.LatencyVSRequestGraphConsumer#stopProducing(): latencyVsRequest produced 0 samples
2025-11-13 22:00:33,506 INFO o.a.j.r.p.AbstractSampleConsumer: class org.apache.jmeter.report.processor.graph.impl.SyntheticResponseTimeDistributionGraphConsumer#stopProducing(): syntheticResponseTimeDistribution produced 0 samples
2025-11-13 22:00:33,506 INFO o.a.j.r.p.AbstractSampleConsumer: class org.apache.jmeter.report.processor.graph.impl.BytesThroughputGraphConsumer#stopProducing(): bytesThroughputOverTime produced 0 samples
2025-11-13 22:00:33,506 INFO o.a.j.r.p.AbstractSampleConsumer: class org.apache.jmeter.report.processor.graph.impl.CodesPerSecondGraphConsumer#stopProducing(): codesPerSecond produced 0 samples
2025-11-13 22:00:33,512 INFO o.a.j.r.p.AbstractSampleConsumer: class org.apache.jmeter.report.processor.graph.impl.ResponseTimeVSRequestGraphConsumer#stopProducing(): responseTimeVsRequest produced 0 samples
2025-11-13 22:00:33,512 INFO o.a.j.r.p.AbstractSampleConsumer: class org.apache.jmeter.report.processor.FilterConsumer#stopProducing(): startIntervalControlerFilter produced 700 samples
2025-11-13 22:00:33,512 INFO o.a.j.r.p.AbstractSampleConsumer: class org.apache.jmeter.report.processor.graph.impl.TotalTPSGraphConsumer#stopProducing(): totalTPS produced 0 samples
2025-11-13 22:00:33,512 INFO o.a.j.r.p.AbstractSampleConsumer: class org.apache.jmeter.report.processor.graph.impl.ActiveThreadsGraphConsumer#stopProducing(): activeThreadsOverTime produced 0 samples
2025-11-13 22:00:33,512 INFO o.a.j.r.p.AbstractSampleConsumer: class org.apache.jmeter.report.processor.graph.impl.TimeVSThreadGraphConsumer#stopProducing(): timeVsThreads produced 0 samples
2025-11-13 22:00:33,512 INFO o.a.j.r.p.AbstractSampleConsumer: class org.apache.jmeter.report.processor.graph.impl.ResponseTimeDistributionGraphConsumer#stopProducing(): responseTimeDistribution produced 0 samples
2025-11-13 22:00:33,512 INFO o.a.j.r.p.AbstractSampleConsumer: class org.apache.jmeter.report.processor.graph.impl.TransactionsPerSecondGraphConsumer#stopProducing(): transactionsPerSecond produced 0 samples
2025-11-13 22:00:33,512 INFO o.a.j.r.p.AbstractSampleConsumer: class org.apache.jmeter.report.processor.graph.impl.ResponseTimePercentilesGraphConsumer#stopProducing(): responseTimePercentiles produced 0 samples
2025-11-13 22:00:33,513 INFO o.a.j.r.p.AbstractSampleConsumer: class org.apache.jmeter.report.processor.graph.impl.ResponseTimePercentilesOverTimeGraphConsumer#stopProducing(): responseTimePercentilesOverTime produced 0 samples
2025-11-13 22:00:33,513 INFO o.a.j.r.p.AbstractSampleConsumer: class org.apache.jmeter.report.processor.graph.impl.ResponseTimeOverTimeGraphConsumer#stopProducing(): responseTimesOverTime produced 0 samples
2025-11-13 22:00:33,513 INFO o.a.j.r.p.AbstractSampleConsumer: class org.apache.jmeter.report.processor.graph.impl.ConnectTimeOverTimeGraphConsumer#stopProducing(): connectTimeOverTime produced 0 samples
2025-11-13 22:00:33,513 INFO o.a.j.r.p.AbstractSampleConsumer: class org.apache.jmeter.report.processor.graph.impl.LatencyOverTimeGraphConsumer#stopProducing(): latenciesOverTime produced 0 samples
2025-11-13 22:00:33,513 INFO o.a.j.r.p.AbstractSampleConsumer: class org.apache.jmeter.report.processor.FilterConsumer#stopProducing(): nameFilter produced 1500 samples
2025-11-13 22:00:33,513 INFO o.a.j.r.p.AbstractSampleConsumer: class org.apache.jmeter.report.processor.FilterConsumer#stopProducing(): dateRangeFilter produced 300 samples
2025-11-13 22:00:33,513 INFO o.a.j.r.p.AbstractSampleConsumer: class org.apache.jmeter.report.processor.NormalizerSampleConsumer#stopProducing(): normalizer produced 100 samples
2025-11-13 22:00:33,514 INFO o.a.j.r.p.CsvFileSampleSource: produce(): 100 samples produced in 105ms on channel 0
2025-11-13 22:00:33,514 INFO o.a.j.r.d.ReportGenerator: Exporting data using exporter:'json' of className:'org.apache.jmeter.report.dashboard.JsonExporter'
2025-11-13 22:00:33,670 INFO o.a.j.r.d.JsonExporter: Found data for consumer statisticsSummary in context
2025-11-13 22:00:33,671 INFO o.a.j.r.d.JsonExporter: Creating statistics for overall
2025-11-13 22:00:33,671 INFO o.a.j.r.d.JsonExporter: Creating statistics for other transactions
2025-11-13 22:00:33,672 INFO o.a.j.r.d.JsonExporter: Checking output folder
2025-11-13 22:00:33,673 INFO o.a.j.r.d.JsonExporter: Writing statistics JSON to C:\Users\Administrador\Desktop\matheus-rezende\teste-de-software\teste-software-univas\backend\tests\jmeter\reports\smoke\statistics.json
2025-11-13 22:00:33,728 INFO o.a.j.r.d.ReportGenerator: Exporting data using exporter:'html' of className:'org.apache.jmeter.report.dashboard.HtmlTemplateExporter'
2025-11-13 22:00:33,729 INFO o.a.j.r.d.HtmlTemplateExporter: Will generate dashboard in folder: C:\Users\Administrador\Desktop\matheus-rezende\teste-de-software\teste-software-univas\backend\tests\jmeter\reports\smoke
2025-11-13 22:00:33,849 INFO o.a.j.r.d.HtmlTemplateExporter: Report will be generated in: C:\Users\Administrador\Desktop\matheus-rezende\teste-de-software\teste-software-univas\backend\tests\jmeter\reports\smoke, creating folder structure
2025-11-13 22:00:33,852 INFO o.a.j.r.d.TemplateVisitor: Copying folder from 'C:\Tools\apache-jmeter-5.6.3\bin\report-template' to 'C:\Users\Administrador\Desktop\matheus-rezende\teste-de-software\teste-software-univas\backend\tests\jmeter\reports\smoke', got message: C:\Users\Administrador\Desktop\matheus-rezende\teste-de-software\teste-software-univas\backend\tests\jmeter\reports\smoke, found non empty folder with following content [C:\Users\Administrador\Desktop\matheus-rezende\teste-de-software\teste-software-univas\backend\tests\jmeter\reports\smoke\statistics.json], will be ignored
2025-11-13 22:00:34,331 INFO o.a.j.JMeter: Dashboard generated
